<?xml version="1.0" encoding="UTF-8"?>
<!-- Generated by org.testng.reporters.JUnitReportReporter -->
<testsuite skipped="0" hostname="DESKTOP-A93TG32" name="com.training.sanity.tests.orderclear_UFM_009" tests="1" failures="0" timestamp="2019-10-23T19:03:46 IST" time="23.315" errors="0">
  <testcase name="f" time="23.315" classname="com.training.sanity.tests.orderclear_UFM_009"/>
</testsuite> <!-- com.training.sanity.tests.orderclear_UFM_009 -->
