<?xml version="1.0" encoding="UTF-8"?>
<!-- Generated by org.testng.reporters.JUnitReportReporter -->
<testsuite skipped="0" hostname="DESKTOP-A93TG32" name="com.training.sanity.tests.uniformregistration_UFM_001" tests="1" failures="0" timestamp="2019-10-22T10:11:19 IST" time="19.267" errors="0">
  <testcase name="f" time="19.267" classname="com.training.sanity.tests.uniformregistration_UFM_001"/>
</testsuite> <!-- com.training.sanity.tests.uniformregistration_UFM_001 -->
