<?xml version="1.0" encoding="UTF-8"?>
<!-- Generated by org.testng.reporters.JUnitReportReporter -->
<testsuite skipped="0" hostname="DESKTOP-A93TG32" name="com.training.sanity.tests.uniformvalidcredentials_UFM_007" tests="1" failures="0" timestamp="2019-10-23T10:32:15 IST" time="18.786" errors="0">
  <testcase name="maintest" time="18.786" classname="com.training.sanity.tests.uniformvalidcredentials_UFM_007"/>
</testsuite> <!-- com.training.sanity.tests.uniformvalidcredentials_UFM_007 -->
