<?xml version="1.0" encoding="UTF-8"?>
<!-- Generated by org.testng.reporters.JUnitReportReporter -->
<testsuite skipped="0" hostname="DESKTOP-A93TG32" name="com.training.sanity.tests.productselection_UFM_008" tests="1" failures="0" timestamp="2019-10-23T16:41:44 IST" time="27.597" errors="0">
  <testcase name="f" time="27.597" classname="com.training.sanity.tests.productselection_UFM_008"/>
</testsuite> <!-- com.training.sanity.tests.productselection_UFM_008 -->
